<?xml version="1.0" encoding="UTF-8" ?>
<testsuite errors="0" failures="1" hostname="USHYDNKANDIKUP1" name="test.TC_SMK_CC_EU_ValidateCC_information_shown_onBB_completedorder_PostEvent" skipped="0" tests="1" time="182.34" timestamp="2017-03-23T06:55:22">
  <properties>
[...]
</properties>
  <testcase classname="test.TC_SMK_CC_EU_ValidateCC_information_shown_onBB_completedorder_PostEvent" name="runsteps" time="177.129">
    <failure message="null" type="junit.framework.AssertionFailedError">junit.framework.AssertionFailedError: null
	at org.testng.Assert.fail(Assert.java:94)
	at org.testng.Assert.fail(Assert.java:101)
	at main.Lubricants_BuyBack.createDeliverywithCC(Lubricants_BuyBack.java:724)
	at test.TC_SMK_CC_EU_ValidateCC_information_shown_onBB_completedorder_PostEvent.step02(TC_SMK_CC_EU_ValidateCC_information_shown_onBB_completedorder_PostEvent.java:140)
	at test.TC_SMK_CC_EU_ValidateCC_information_shown_onBB_completedorder_PostEvent.runsteps(TC_SMK_CC_EU_ValidateCC_information_shown_onBB_completedorder_PostEvent.java:92)
	at main.ScreenshotTaker$1.evaluate(ScreenshotTaker.java:83)
</failure>
  </testcase>
  <system-out><![CDATA[*****Starting to execute: TC_SMK_CC_EU_ValidateCC_information_shown_onBB_completedorder_PostEvent*****
no such element: Unable to locate element: {"method":"xpath","selector":"//h3[@class='modal-title']"}
  (Session info: chrome=56.0.2924.87)
  (Driver info: chromedriver=2.25.426923 (0390b88869384d6eb0d5d09729679f934aab9eed),platform=Windows NT 6.3.9600 x86_64) (WARNING: The server did not provide any stacktrace information)
Command duration or timeout: 121 milliseconds
For documentation on this error, please visit: http://seleniumhq.org/exceptions/no_such_element.html
Build info: version: '2.48.2', revision: '41bccdd', time: '2015-10-09 19:59:12'
System info: host: 'USHYDNKANDIKUP1', ip: '10.16.71.187', os.name: 'Windows 8.1', os.arch: 'amd64', os.version: '6.3', java.version: '1.8.0_60'
Driver info: org.openqa.selenium.chrome.ChromeDriver
Capabilities [{applicationCacheEnabled=false, rotatable=false, mobileEmulationEnabled=false, networkConnectionEnabled=false, chrome={chromedriverVersion=2.25.426923 (0390b88869384d6eb0d5d09729679f934aab9eed), userDataDir=C:\Users\NKANDI~1\AppData\Local\Temp\scoped_dir34568_13040}, takesHeapSnapshot=true, pageLoadStrategy=normal, databaseEnabled=false, handlesAlerts=true, hasTouchScreen=false, version=56.0.2924.87, platform=WIN8_1, browserConnectionEnabled=false, nativeEvents=true, acceptSslCerts=true, locationContextEnabled=true, webStorageEnabled=true, browserName=chrome, takesScreenshot=true, javascriptEnabled=true, cssSelectorsEnabled=true}]
Session ID: 8a4d4e8360c61cf911fa0ff6d0fc89e4
*** Element info: {Using=xpath, value=//h3[@class='modal-title']}
no such element: Unable to locate element: {"method":"xpath","selector":"//button[@ng-click='ok()']"}
  (Session info: chrome=56.0.2924.87)
  (Driver info: chromedriver=2.25.426923 (0390b88869384d6eb0d5d09729679f934aab9eed),platform=Windows NT 6.3.9600 x86_64) (WARNING: The server did not provide any stacktrace information)
Command duration or timeout: 90 milliseconds
For documentation on this error, please visit: http://seleniumhq.org/exceptions/no_such_element.html
Build info: version: '2.48.2', revision: '41bccdd', time: '2015-10-09 19:59:12'
System info: host: 'USHYDNKANDIKUP1', ip: '10.16.71.187', os.name: 'Windows 8.1', os.arch: 'amd64', os.version: '6.3', java.version: '1.8.0_60'
Driver info: org.openqa.selenium.chrome.ChromeDriver
Capabilities [{applicationCacheEnabled=false, rotatable=false, mobileEmulationEnabled=false, networkConnectionEnabled=false, chrome={chromedriverVersion=2.25.426923 (0390b88869384d6eb0d5d09729679f934aab9eed), userDataDir=C:\Users\NKANDI~1\AppData\Local\Temp\scoped_dir34568_13040}, takesHeapSnapshot=true, pageLoadStrategy=normal, databaseEnabled=false, handlesAlerts=true, hasTouchScreen=false, version=56.0.2924.87, platform=WIN8_1, browserConnectionEnabled=false, nativeEvents=true, acceptSslCerts=true, locationContextEnabled=true, webStorageEnabled=true, browserName=chrome, takesScreenshot=true, javascriptEnabled=true, cssSelectorsEnabled=true}]
Session ID: 8a4d4e8360c61cf911fa0ff6d0fc89e4
*** Element info: {Using=xpath, value=//button[@ng-click='ok()']}
unknown error: Element is not clickable at point (697, 147). Other element would receive the click: <div ng-bind="address.formattedAddress">...</div>
  (Session info: chrome=56.0.2924.87)
  (Driver info: chromedriver=2.25.426923 (0390b88869384d6eb0d5d09729679f934aab9eed),platform=Windows NT 6.3.9600 x86_64) (WARNING: The server did not provide any stacktrace information)
Command duration or timeout: 152 milliseconds
Build info: version: '2.48.2', revision: '41bccdd', time: '2015-10-09 19:59:12'
System info: host: 'USHYDNKANDIKUP1', ip: '10.16.71.187', os.name: 'Windows 8.1', os.arch: 'amd64', os.version: '6.3', java.version: '1.8.0_60'
Driver info: org.openqa.selenium.chrome.ChromeDriver
Capabilities [{applicationCacheEnabled=false, rotatable=false, mobileEmulationEnabled=false, networkConnectionEnabled=false, chrome={chromedriverVersion=2.25.426923 (0390b88869384d6eb0d5d09729679f934aab9eed), userDataDir=C:\Users\NKANDI~1\AppData\Local\Temp\scoped_dir34568_13040}, takesHeapSnapshot=true, pageLoadStrategy=normal, databaseEnabled=false, handlesAlerts=true, hasTouchScreen=false, version=56.0.2924.87, platform=WIN8_1, browserConnectionEnabled=false, nativeEvents=true, acceptSslCerts=true, locationContextEnabled=true, webStorageEnabled=true, browserName=chrome, takesScreenshot=true, javascriptEnabled=true, cssSelectorsEnabled=true}]
Session ID: 8a4d4e8360c61cf911fa0ff6d0fc89e4
]]></system-out>
  <system-err><![CDATA[Starting ChromeDriver 2.25.426923 (0390b88869384d6eb0d5d09729679f934aab9eed) on port 5305
Only local connections are allowed.
Mar 23, 2017 12:28:14 PM org.openqa.selenium.remote.Augmenter extractRemoteWebDriver
WARNING: Augmenter should be applied to the instances of @Augmentable classes or previously augmented instances only
Mar 23, 2017 12:28:16 PM org.openqa.selenium.remote.Augmenter extractRemoteWebDriver
WARNING: Augmenter should be applied to the instances of @Augmentable classes or previously augmented instances only
Mar 23, 2017 12:28:18 PM org.openqa.selenium.remote.Augmenter extractRemoteWebDriver
WARNING: Augmenter should be applied to the instances of @Augmentable classes or previously augmented instances only
]]></system-err>
</testsuite>
