<?xml version="1.0" encoding="UTF-8"?>
<testng-results skipped="0" failed="0" total="1" passed="1">
  <reporter-output>
  </reporter-output>
  <suite name="Suite" duration-ms="125046" started-at="2019-01-08T10:13:16Z" finished-at="2019-01-08T10:15:21Z">
    <groups>
    </groups>
    <test name="Test" duration-ms="125046" started-at="2019-01-08T10:13:16Z" finished-at="2019-01-08T10:15:21Z">
      <class name="test.TC_NonPrescriber">
        <test-method status="PASS" signature="NonPrescriber()[pri:0, instance:test.TC_NonPrescriber@1786dec2]" name="NonPrescriber" duration-ms="125031" started-at="2019-01-08T15:43:16Z" description="Creation of NonPrescriber" finished-at="2019-01-08T15:45:21Z">
          <reporter-output>
          </reporter-output>
        </test-method> <!-- NonPrescriber -->
      </class> <!-- test.TC_NonPrescriber -->
    </test> <!-- Test -->
  </suite> <!-- Suite -->
</testng-results>
